TN:
SF:C:/Users/mkoomen/git/CrowdAdmin/src/polyfills.ts
FNF:0
FNH:0
DA:46,1
DA:60,1
LF:2
LH:2
BRF:0
BRH:0
end_of_record
TN:
SF:C:/Users/mkoomen/git/CrowdAdmin/src/test.ts
FNF:0
FNH:0
DA:3,1
DA:4,1
DA:5,1
DA:13,1
DA:18,1
DA:20,1
LF:6
LH:6
BRF:0
BRH:0
end_of_record
TN:
SF:C:/Users/mkoomen/git/CrowdAdmin/src/app/app.component.ts
FN:12,(anonymous_2)
FN:15,AppComponent
FNF:2
FNH:2
FNDA:1,(anonymous_2)
FNDA:1,AppComponent
DA:1,1
DA:2,1
DA:3,1
DA:12,1
DA:15,1
DA:16,1
DA:18,1
DA:20,1
LF:8
LH:8
BRF:0
BRH:0
end_of_record
TN:
SF:C:/Users/mkoomen/git/CrowdAdmin/src/app/app.service.ts
FN:16,(anonymous_2)
FN:20,AppService
FN:24,(anonymous_4)
FNF:3
FNH:3
FNDA:1,(anonymous_2)
FNDA:3,AppService
FNDA:2,(anonymous_4)
DA:1,1
DA:3,1
DA:16,1
DA:21,3
DA:24,1
DA:25,2
DA:27,1
LF:7
LH:7
BRF:0
BRH:0
end_of_record
